<?xml version="1.0" encoding="UTF-8"?>
<testsuite xmlns:xsi="http://www.w3.org/2001/XMLSchema-instance" xsi:noNamespaceSchemaLocation="https://maven.apache.org/surefire/maven-surefire-plugin/xsd/surefire-test-report-3.0.xsd" version="3.0" name="SA.irms.architecture.InternalServiceBoundaryContractTest" time="0.258" tests="45" errors="0" skipped="0" failures="0">
  <properties>
[...]
</properties>
  <testcase name="remoteClientsCallInternalEndpoints" classname="SA.irms.architecture.InternalServiceBoundaryContractTest" time="0.012"/>
  <testcase name="remoteClientsCallInternalEndpoints" classname="SA.irms.architecture.InternalServiceBoundaryContractTest" time="0.001"/>
  <testcase name="remoteClientsCallInternalEndpoints" classname="SA.irms.architecture.InternalServiceBoundaryContractTest" time="0.001"/>
  <testcase name="remoteClientsCallInternalEndpoints" classname="SA.irms.architecture.InternalServiceBoundaryContractTest" time="0.001"/>
  <testcase name="remoteClientsCallInternalEndpoints" classname="SA.irms.architecture.InternalServiceBoundaryContractTest" time="0.001"/>
  <testcase name="remoteClientsCallInternalEndpoints" classname="SA.irms.architecture.InternalServiceBoundaryContractTest" time="0.001"/>
  <testcase name="remoteClientsCallInternalEndpoints" classname="SA.irms.architecture.InternalServiceBoundaryContractTest" time="0.001"/>
  <testcase name="remoteClientsCallInternalEndpoints" classname="SA.irms.architecture.InternalServiceBoundaryContractTest" time="0.001"/>
  <testcase name="remoteClientsCallInternalEndpoints" classname="SA.irms.architecture.InternalServiceBoundaryContractTest" time="0.001"/>
  <testcase name="remoteClientsCallInternalEndpoints" classname="SA.irms.architecture.InternalServiceBoundaryContractTest" time="0.002"/>
  <testcase name="remoteClientsCallInternalEndpoints" classname="SA.irms.architecture.InternalServiceBoundaryContractTest" time="0.001"/>
  <testcase name="remoteClientsCallInternalEndpoints" classname="SA.irms.architecture.InternalServiceBoundaryContractTest" time="0.001"/>
  <testcase name="remoteClientsCallInternalEndpoints" classname="SA.irms.architecture.InternalServiceBoundaryContractTest" time="0.001"/>
  <testcase name="remoteClientsCallInternalEndpoints" classname="SA.irms.architecture.InternalServiceBoundaryContractTest" time="0.0"/>
  <testcase name="remoteClientsCallInternalEndpoints" classname="SA.irms.architecture.InternalServiceBoundaryContractTest" time="0.002"/>
  <testcase name="remoteClientsCallInternalEndpoints" classname="SA.irms.architecture.InternalServiceBoundaryContractTest" time="0.001"/>
  <testcase name="remoteClientsCallInternalEndpoints" classname="SA.irms.architecture.InternalServiceBoundaryContractTest" time="0.001"/>
  <testcase name="servicePackagesDoNotImportOtherServicePackages" classname="SA.irms.architecture.InternalServiceBoundaryContractTest" time="0.02"/>
  <testcase name="servicePackagesDoNotImportOtherServicePackages" classname="SA.irms.architecture.InternalServiceBoundaryContractTest" time="0.011"/>
  <testcase name="servicePackagesDoNotImportOtherServicePackages" classname="SA.irms.architecture.InternalServiceBoundaryContractTest" time="0.006"/>
  <testcase name="servicePackagesDoNotImportOtherServicePackages" classname="SA.irms.architecture.InternalServiceBoundaryContractTest" time="0.01"/>
  <testcase name="servicePackagesDoNotImportOtherServicePackages" classname="SA.irms.architecture.InternalServiceBoundaryContractTest" time="0.011"/>
  <testcase name="servicePackagesDoNotImportOtherServicePackages" classname="SA.irms.architecture.InternalServiceBoundaryContractTest" time="0.012"/>
  <testcase name="servicePackagesDoNotImportOtherServicePackages" classname="SA.irms.architecture.InternalServiceBoundaryContractTest" time="0.014"/>
  <testcase name="servicePackagesDoNotImportOtherServicePackages" classname="SA.irms.architecture.InternalServiceBoundaryContractTest" time="0.011"/>
  <testcase name="removedBackendPackageIsGone" classname="SA.irms.architecture.InternalServiceBoundaryContractTest" time="0.076"/>
  <testcase name="internalControllersExposeMatchingEndpoints" classname="SA.irms.architecture.InternalServiceBoundaryContractTest" time="0.001"/>
  <testcase name="internalControllersExposeMatchingEndpoints" classname="SA.irms.architecture.InternalServiceBoundaryContractTest" time="0.0"/>
  <testcase name="internalControllersExposeMatchingEndpoints" classname="SA.irms.architecture.InternalServiceBoundaryContractTest" time="0.0"/>
  <testcase name="internalControllersExposeMatchingEndpoints" classname="SA.irms.architecture.InternalServiceBoundaryContractTest" time="0.001"/>
  <testcase name="internalControllersExposeMatchingEndpoints" classname="SA.irms.architecture.InternalServiceBoundaryContractTest" time="0.0"/>
  <testcase name="internalControllersExposeMatchingEndpoints" classname="SA.irms.architecture.InternalServiceBoundaryContractTest" time="0.001"/>
  <testcase name="internalControllersExposeMatchingEndpoints" classname="SA.irms.architecture.InternalServiceBoundaryContractTest" time="0.001"/>
  <testcase name="internalControllersExposeMatchingEndpoints" classname="SA.irms.architecture.InternalServiceBoundaryContractTest" time="0.0"/>
  <testcase name="internalControllersExposeMatchingEndpoints" classname="SA.irms.architecture.InternalServiceBoundaryContractTest" time="0.002"/>
  <testcase name="internalControllersExposeMatchingEndpoints" classname="SA.irms.architecture.InternalServiceBoundaryContractTest" time="0.0"/>
  <testcase name="internalControllersExposeMatchingEndpoints" classname="SA.irms.architecture.InternalServiceBoundaryContractTest" time="0.001"/>
  <testcase name="internalControllersExposeMatchingEndpoints" classname="SA.irms.architecture.InternalServiceBoundaryContractTest" time="0.0"/>
  <testcase name="internalControllersExposeMatchingEndpoints" classname="SA.irms.architecture.InternalServiceBoundaryContractTest" time="0.0"/>
  <testcase name="internalControllersExposeMatchingEndpoints" classname="SA.irms.architecture.InternalServiceBoundaryContractTest" time="0.001"/>
  <testcase name="internalControllersExposeMatchingEndpoints" classname="SA.irms.architecture.InternalServiceBoundaryContractTest" time="0.001"/>
  <testcase name="internalControllersExposeMatchingEndpoints" classname="SA.irms.architecture.InternalServiceBoundaryContractTest" time="0.0"/>
  <testcase name="internalControllersExposeMatchingEndpoints" classname="SA.irms.architecture.InternalServiceBoundaryContractTest" time="0.0"/>
  <testcase name="internalControllersExposeMatchingEndpoints" classname="SA.irms.architecture.InternalServiceBoundaryContractTest" time="0.001"/>
  <testcase name="runtimeBootstrapsDoNotScanSharedPackage" classname="SA.irms.architecture.InternalServiceBoundaryContractTest" time="0.004"/>
</testsuite>